<?xml version="1.0" encoding="UTF-8"?>
<!-- Generated by org.testng.reporters.JUnitReportReporter -->
<testsuite skipped="0" hostname="7SGLPBX8AZD" name="testNG.NGTest" tests="6" failures="0" timestamp="25 Apr 2018 10:04:45 GMT" time="0.018" errors="0">
  <testcase name="loginCaseCreation" time="0.009" classname="testNG.NGTest"/>
  <testcase name="caseCreation" time="0.001" classname="testNG.NGTest"/>
  <testcase name="logoutCaseCreation" time="0.001" classname="testNG.NGTest"/>
  <testcase name="loginCaseCreationChecker" time="0.003" classname="testNG.NGTest"/>
  <testcase name="caseCreationChecker" time="0.003" classname="testNG.NGTest"/>
  <testcase name="logoutCaseCreationChecker" time="0.001" classname="testNG.NGTest"/>
</testsuite> <!-- testNG.NGTest -->
