<?xml version="1.0" encoding="UTF-8"?>
<!-- Generated by org.testng.reporters.JUnitReportReporter -->
<testsuite skipped="1" hostname="7SGLPBX8AZD" name="testNG.amazon.TestclassSample" tests="3" failures="0" timestamp="20 May 2018 08:54:04 GMT" time="0.022" errors="0">
  <testcase name="testMethod" time="0.002" classname="testNG.amazon.TestclassSample"/>
  <testcase name="thirdTestMethod" time="0.001" classname="testNG.amazon.TestclassSample"/>
  <testcase name="anotherTestMethod" time="0.019" classname="testNG.amazon.TestclassSample">
    <skipped/>
  </testcase> <!-- anotherTestMethod -->
</testsuite> <!-- testNG.amazon.TestclassSample -->
