<?xml version="1.0" encoding="UTF-8"?>
<!-- Generated by org.testng.reporters.JUnitReportReporter -->
<testsuite skipped="0" hostname="7SGLPBX8AZD" name="testNG.amazon.AmazonNG" tests="9" failures="0" timestamp="21 May 2018 03:46:37 GMT" time="140.919" errors="0">
  <testcase name="t4LogincorrectPassword" time="14.614" classname="testNG.amazon.AmazonNG"/>
  <testcase name="t6AddOnProd" time="11.162" classname="testNG.amazon.AmazonNG"/>
  <testcase name="t8validatebasket" time="5.004" classname="testNG.amazon.AmazonNG"/>
  <testcase name="t7VerifyProduct" time="1.114" classname="testNG.amazon.AmazonNG"/>
  <testcase name="t3LoginIncorrectPassword" time="11.766" classname="testNG.amazon.AmazonNG"/>
  <testcase name="t9reLoginAndValidate" time="23.429" classname="testNG.amazon.AmazonNG"/>
  <testcase name="t1LaunchAmazonPage" time="9.565" classname="testNG.amazon.AmazonNG"/>
  <testcase name="t5searchAmazon" time="13.024" classname="testNG.amazon.AmazonNG"/>
  <testcase name="t2LoginIncorrectUsername" time="51.241" classname="testNG.amazon.AmazonNG"/>
</testsuite> <!-- testNG.amazon.AmazonNG -->
