<?xml version="1.0" encoding="UTF-8"?>
<!-- Generated by org.testng.reporters.JUnitReportReporter -->
<testsuite skipped="0" hostname="7SGLPBX8AZD" name="testNG.CROTestNG.SRTestNG" tests="9" failures="0" timestamp="26 Apr 2018 04:25:21 GMT" time="408.025" errors="0">
  <testcase name="caseCreation" time="85.913" classname="testNG.CROTestNG.SRTestNG"/>
  <testcase name="caseCreationChecker" time="68.109" classname="testNG.CROTestNG.SRTestNG"/>
  <testcase name="maker1" time="98.907" classname="testNG.CROTestNG.SRTestNG"/>
  <testcase name="checker1" time="126.801" classname="testNG.CROTestNG.SRTestNG"/>
  <testcase name="maker2" time="0.001" classname="testNG.CROTestNG.SRTestNG"/>
  <testcase name="checker2" time="0.002" classname="testNG.CROTestNG.SRTestNG"/>
  <testcase name="maker3" time="0.001" classname="testNG.CROTestNG.SRTestNG"/>
  <testcase name="checker3" time="0.001" classname="testNG.CROTestNG.SRTestNG"/>
  <testcase name="caseInquiryAsserssion" time="28.290" classname="testNG.CROTestNG.SRTestNG"/>
</testsuite> <!-- testNG.CROTestNG.SRTestNG -->
