<?xml version="1.0" encoding="UTF-8"?>
<!-- Generated by org.testng.reporters.JUnitReportReporter -->
<testsuite skipped="0" hostname="7SGLPBX8AZD" name="testNG.DBWID.DBWIDTest" tests="2" failures="0" timestamp="25 Apr 2018 02:41:26 GMT" time="148.041" errors="0">
  <testcase name="CaseCreation" time="59.436" classname="testNG.DBWID.DBWIDTest"/>
  <testcase name="CaseCreation" time="88.605" classname="testNG.DBWID.DBWIDTest"/>
</testsuite> <!-- testNG.DBWID.DBWIDTest -->
